Started GET "/" for 127.0.0.1 at 2017-06-23 03:46:00 +0530
Processing by Rails::WelcomeController#index as HTML
  Rendering /home/narayan/.rvm/gems/ruby-2.2.6/gems/railties-5.1.1/lib/rails/templates/rails/welcome/index.html.erb
  Rendered /home/narayan/.rvm/gems/ruby-2.2.6/gems/railties-5.1.1/lib/rails/templates/rails/welcome/index.html.erb (2.9ms)
Completed 200 OK in 190ms (Views: 5.9ms)


  [1m[35m (28.0ms)[0m  [1m[35mSET NAMES utf8,  @@SESSION.sql_mode = CONCAT(CONCAT(@@sql_mode, ',STRICT_ALL_TABLES'), ',NO_AUTO_VALUE_ON_ZERO'),  @@SESSION.sql_auto_is_null = 0, @@SESSION.wait_timeout = 2147483[0m
  [1m[35m (1561.3ms)[0m  [1m[35mCREATE TABLE `schema_migrations` (`version` varchar(255) NOT NULL PRIMARY KEY) ENGINE=InnoDB[0m
  [1m[35m (409.4ms)[0m  [1m[35mCREATE TABLE `ar_internal_metadata` (`key` varchar(255) NOT NULL PRIMARY KEY, `value` varchar(255), `created_at` datetime NOT NULL, `updated_at` datetime NOT NULL) ENGINE=InnoDB[0m
  [1m[35m (0.4ms)[0m  [1m[34mSELECT DATABASE() as db[0m
  [1m[35m (9.0ms)[0m  [1m[34mSELECT GET_LOCK(573719407350707100, 0)[0m
  [1m[35m (2.6ms)[0m  [1m[34mSELECT `schema_migrations`.`version` FROM `schema_migrations` ORDER BY `schema_migrations`.`version` ASC[0m
Migrating to CreateProducts (20170622222411)
  [1m[35m (520.3ms)[0m  [1m[35mCREATE TABLE `products` (`id` bigint NOT NULL AUTO_INCREMENT PRIMARY KEY, `name` varchar(255), `type` varchar(255), `price` float, `color` varchar(255), `status` tinyint(1), `inward_date` date, `description` varchar(255), `created_at` datetime NOT NULL, `updated_at` datetime NOT NULL) ENGINE=InnoDB[0m
  [1m[35m (0.3ms)[0m  [1m[35mBEGIN[0m
  [1m[35mSQL (46.7ms)[0m  [1m[32mINSERT INTO `schema_migrations` (`version`) VALUES ('20170622222411')[0m
  [1m[35m (56.3ms)[0m  [1m[35mCOMMIT[0m
  [1m[36mActiveRecord::InternalMetadata Load (0.6ms)[0m  [1m[34mSELECT  `ar_internal_metadata`.* FROM `ar_internal_metadata` WHERE `ar_internal_metadata`.`key` = 'environment' LIMIT 1[0m
  [1m[35m (0.3ms)[0m  [1m[35mBEGIN[0m
  [1m[35mSQL (4.1ms)[0m  [1m[32mINSERT INTO `ar_internal_metadata` (`key`, `value`, `created_at`, `updated_at`) VALUES ('environment', 'development', '2017-06-22 22:31:08', '2017-06-22 22:31:08')[0m
  [1m[35m (46.1ms)[0m  [1m[35mCOMMIT[0m
  [1m[35m (0.4ms)[0m  [1m[34mSELECT RELEASE_LOCK(573719407350707100)[0m
  [1m[35m (0.5ms)[0m  [1m[34mSELECT `schema_migrations`.`version` FROM `schema_migrations` ORDER BY `schema_migrations`.`version` ASC[0m
  [1m[35m (13.1ms)[0m  [1m[35mSHOW CREATE TABLE `products`[0m
  [1m[35m (16.0ms)[0m  [1m[35mSHOW TABLE STATUS LIKE 'products'[0m
Started GET "/products" for 127.0.0.1 at 2017-06-23 04:07:36 +0530
  [1m[35m (44.0ms)[0m  [1m[35mSET NAMES utf8,  @@SESSION.sql_mode = CONCAT(CONCAT(@@sql_mode, ',STRICT_ALL_TABLES'), ',NO_AUTO_VALUE_ON_ZERO'),  @@SESSION.sql_auto_is_null = 0, @@SESSION.wait_timeout = 2147483[0m
  [1m[35m (0.3ms)[0m  [1m[34mSELECT `schema_migrations`.`version` FROM `schema_migrations` ORDER BY `schema_migrations`.`version` ASC[0m
  
ActionController::RoutingError (No route matches [GET] "/products"):
  
actionpack (5.1.1) lib/action_dispatch/middleware/debug_exceptions.rb:63:in `call'
web-console (3.5.1) lib/web_console/middleware.rb:135:in `call_app'
web-console (3.5.1) lib/web_console/middleware.rb:28:in `block in call'
web-console (3.5.1) lib/web_console/middleware.rb:18:in `catch'
web-console (3.5.1) lib/web_console/middleware.rb:18:in `call'
actionpack (5.1.1) lib/action_dispatch/middleware/show_exceptions.rb:31:in `call'
railties (5.1.1) lib/rails/rack/logger.rb:36:in `call_app'
railties (5.1.1) lib/rails/rack/logger.rb:24:in `block in call'
activesupport (5.1.1) lib/active_support/tagged_logging.rb:69:in `block in tagged'
activesupport (5.1.1) lib/active_support/tagged_logging.rb:26:in `tagged'
activesupport (5.1.1) lib/active_support/tagged_logging.rb:69:in `tagged'
railties (5.1.1) lib/rails/rack/logger.rb:24:in `call'
sprockets-rails (3.2.0) lib/sprockets/rails/quiet_assets.rb:13:in `call'
actionpack (5.1.1) lib/action_dispatch/middleware/remote_ip.rb:79:in `call'
actionpack (5.1.1) lib/action_dispatch/middleware/request_id.rb:25:in `call'
rack (2.0.3) lib/rack/method_override.rb:22:in `call'
rack (2.0.3) lib/rack/runtime.rb:22:in `call'
activesupport (5.1.1) lib/active_support/cache/strategy/local_cache_middleware.rb:27:in `call'
actionpack (5.1.1) lib/action_dispatch/middleware/executor.rb:12:in `call'
actionpack (5.1.1) lib/action_dispatch/middleware/static.rb:125:in `call'
rack (2.0.3) lib/rack/sendfile.rb:111:in `call'
railties (5.1.1) lib/rails/engine.rb:522:in `call'
puma (3.9.1) lib/puma/configuration.rb:224:in `call'
puma (3.9.1) lib/puma/server.rb:602:in `handle_request'
puma (3.9.1) lib/puma/server.rb:435:in `process_client'
puma (3.9.1) lib/puma/server.rb:299:in `block in run'
puma (3.9.1) lib/puma/thread_pool.rb:120:in `call'
puma (3.9.1) lib/puma/thread_pool.rb:120:in `block in spawn_thread'
Started GET "/products" for 127.0.0.1 at 2017-06-23 04:07:58 +0530
Processing by ProductsController#index as HTML
  Rendering products/index.html.erb within layouts/application
  Rendered products/index.html.erb within layouts/application (1.2ms)
Completed 500 Internal Server Error in 5ms (ActiveRecord: 0.0ms)


  
ActionView::Template::Error (undefined method `each' for nil:NilClass):
    16:   </thead>
    17: 
    18:   <tbody>
    19:    <!--  <% @articles.each do |article| %>
    20:       <tr>
    21:         <td><%= article.title %></td>
    22:         <td><%= article.content %></td>
  
app/views/products/index.html.erb:19:in `_app_views_products_index_html_erb__3656678916462763670_37275040'
Started GET "/products" for 127.0.0.1 at 2017-06-23 04:08:09 +0530
Processing by ProductsController#index as HTML
  Rendering products/index.html.erb within layouts/application
  Rendered products/index.html.erb within layouts/application (1.6ms)
Completed 200 OK in 2463ms (Views: 2461.5ms | ActiveRecord: 0.0ms)


Started GET "/products" for 127.0.0.1 at 2017-06-23 04:08:54 +0530
Processing by ProductsController#index as HTML
  Rendering products/index.html.erb within layouts/application
  Rendered products/index.html.erb within layouts/application (1.6ms)
Completed 200 OK in 39ms (Views: 36.1ms | ActiveRecord: 0.0ms)


Started GET "/products" for 127.0.0.1 at 2017-06-23 04:08:55 +0530
Processing by ProductsController#index as HTML
  Rendering products/index.html.erb within layouts/application
  Rendered products/index.html.erb within layouts/application (2.3ms)
Completed 200 OK in 44ms (Views: 41.3ms | ActiveRecord: 0.0ms)


Started GET "/products" for 127.0.0.1 at 2017-06-23 04:08:55 +0530
Processing by ProductsController#index as HTML
  Rendering products/index.html.erb within layouts/application
  Rendered products/index.html.erb within layouts/application (1.6ms)
Completed 200 OK in 38ms (Views: 36.1ms | ActiveRecord: 0.0ms)


Started GET "/products" for 127.0.0.1 at 2017-06-23 04:08:55 +0530
Processing by ProductsController#index as HTML
  Rendering products/index.html.erb within layouts/application
  Rendered products/index.html.erb within layouts/application (1.3ms)
Completed 200 OK in 21ms (Views: 19.4ms | ActiveRecord: 0.0ms)


Started GET "/products" for 127.0.0.1 at 2017-06-23 04:15:19 +0530
Processing by ProductsController#index as HTML
  Rendering products/index.html.erb within layouts/application
  Rendered products/index.html.erb within layouts/application (1.9ms)
Completed 500 Internal Server Error in 476ms (ActiveRecord: 0.0ms)


  
ActionView::Template::Error (CssSyntaxError: /home/narayan/rails_project/store/app/assets/stylesheets/application.css:2:2: Unknown word

  1 | 
> 2 |  // Custom bootstrap variables must be set or imported *before* bootstrap.
    |  ^
  3 | @import "bootstrap";
  4 | 
):
    4:     <title>Store</title>
    5:     <%= csrf_meta_tags %>
    6: 
    7:     <%= stylesheet_link_tag    'application', media: 'all', 'data-turbolinks-track': 'reload' %>
    8:     <%= javascript_include_tag 'application', 'data-turbolinks-track': 'reload' %>
    9:   </head>
   10: 
  
apply.from (eval at <anonymous> ((execjs):21562:8), <anonymous>:1:51)
app/views/layouts/application.html.erb:7:in `_app_views_layouts_application_html_erb___781721503838368508_70056423956520'
Started GET "/products" for 127.0.0.1 at 2017-06-23 04:15:36 +0530
Processing by ProductsController#index as HTML
  Rendering products/index.html.erb within layouts/application
  Rendered products/index.html.erb within layouts/application (2.0ms)
Completed 500 Internal Server Error in 561ms (ActiveRecord: 0.0ms)


  
ActionView::Template::Error (couldn't find file 'jquery' with type 'application/javascript'
Checked in these paths: 
  /home/narayan/rails_project/store/app/assets/config
  /home/narayan/rails_project/store/app/assets/images
  /home/narayan/rails_project/store/app/assets/javascripts
  /home/narayan/rails_project/store/app/assets/stylesheets
  /home/narayan/.rvm/gems/ruby-2.2.6/gems/coffee-rails-4.2.2/lib/assets/javascripts
  /home/narayan/.rvm/gems/ruby-2.2.6/gems/actioncable-5.1.1/lib/assets/compiled
  /home/narayan/.rvm/gems/ruby-2.2.6/gems/actionview-5.1.1/lib/assets/compiled
  /home/narayan/.rvm/gems/ruby-2.2.6/gems/turbolinks-source-5.0.3/lib/assets/javascripts
  /home/narayan/rails_project/store/node_modules
  /home/narayan/.rvm/gems/ruby-2.2.6/gems/bootstrap-4.0.0.alpha6/assets/stylesheets
  /home/narayan/.rvm/gems/ruby-2.2.6/gems/bootstrap-4.0.0.alpha6/assets/javascripts):
     5:     <%= csrf_meta_tags %>
     6: 
     7:     <%= stylesheet_link_tag    'application', media: 'all', 'data-turbolinks-track': 'reload' %>
     8:     <%= javascript_include_tag 'application', 'data-turbolinks-track': 'reload' %>
     9:   </head>
    10: 
    11:   <body>
  
app/assets/javascripts/application.js:13
app/views/layouts/application.html.erb:8:in `_app_views_layouts_application_html_erb___781721503838368508_70056537977400'
Started GET "/products" for 127.0.0.1 at 2017-06-23 04:16:23 +0530
Processing by ProductsController#index as HTML
  Rendering products/index.html.erb within layouts/application
  Rendered products/index.html.erb within layouts/application (1.4ms)
Completed 500 Internal Server Error in 17ms (ActiveRecord: 0.0ms)


  
ActionView::Template::Error (couldn't find file 'jquery' with type 'application/javascript'
Checked in these paths: 
  /home/narayan/rails_project/store/app/assets/config
  /home/narayan/rails_project/store/app/assets/images
  /home/narayan/rails_project/store/app/assets/javascripts
  /home/narayan/rails_project/store/app/assets/stylesheets
  /home/narayan/.rvm/gems/ruby-2.2.6/gems/coffee-rails-4.2.2/lib/assets/javascripts
  /home/narayan/.rvm/gems/ruby-2.2.6/gems/actioncable-5.1.1/lib/assets/compiled
  /home/narayan/.rvm/gems/ruby-2.2.6/gems/actionview-5.1.1/lib/assets/compiled
  /home/narayan/.rvm/gems/ruby-2.2.6/gems/turbolinks-source-5.0.3/lib/assets/javascripts
  /home/narayan/rails_project/store/node_modules
  /home/narayan/.rvm/gems/ruby-2.2.6/gems/bootstrap-4.0.0.alpha6/assets/stylesheets
  /home/narayan/.rvm/gems/ruby-2.2.6/gems/bootstrap-4.0.0.alpha6/assets/javascripts):
     5:     <%= csrf_meta_tags %>
     6: 
     7:     <%= stylesheet_link_tag    'application', media: 'all', 'data-turbolinks-track': 'reload' %>
     8:     <%= javascript_include_tag 'application', 'data-turbolinks-track': 'reload' %>
     9:   </head>
    10: 
    11:   <body>
  
app/assets/javascripts/application.js:13
app/views/layouts/application.html.erb:8:in `_app_views_layouts_application_html_erb___781721503838368508_70056538519540'
Started GET "/products" for 127.0.0.1 at 2017-06-23 04:16:24 +0530
Processing by ProductsController#index as HTML
  Rendering products/index.html.erb within layouts/application
  Rendered products/index.html.erb within layouts/application (1.0ms)
Completed 500 Internal Server Error in 10ms (ActiveRecord: 0.0ms)


  
ActionView::Template::Error (couldn't find file 'jquery' with type 'application/javascript'
Checked in these paths: 
  /home/narayan/rails_project/store/app/assets/config
  /home/narayan/rails_project/store/app/assets/images
  /home/narayan/rails_project/store/app/assets/javascripts
  /home/narayan/rails_project/store/app/assets/stylesheets
  /home/narayan/.rvm/gems/ruby-2.2.6/gems/coffee-rails-4.2.2/lib/assets/javascripts
  /home/narayan/.rvm/gems/ruby-2.2.6/gems/actioncable-5.1.1/lib/assets/compiled
  /home/narayan/.rvm/gems/ruby-2.2.6/gems/actionview-5.1.1/lib/assets/compiled
  /home/narayan/.rvm/gems/ruby-2.2.6/gems/turbolinks-source-5.0.3/lib/assets/javascripts
  /home/narayan/rails_project/store/node_modules
  /home/narayan/.rvm/gems/ruby-2.2.6/gems/bootstrap-4.0.0.alpha6/assets/stylesheets
  /home/narayan/.rvm/gems/ruby-2.2.6/gems/bootstrap-4.0.0.alpha6/assets/javascripts):
     5:     <%= csrf_meta_tags %>
     6: 
     7:     <%= stylesheet_link_tag    'application', media: 'all', 'data-turbolinks-track': 'reload' %>
     8:     <%= javascript_include_tag 'application', 'data-turbolinks-track': 'reload' %>
     9:   </head>
    10: 
    11:   <body>
  
app/assets/javascripts/application.js:13
app/views/layouts/application.html.erb:8:in `_app_views_layouts_application_html_erb___781721503838368508_70056535738580'
Started GET "/products" for 127.0.0.1 at 2017-06-23 04:16:50 +0530
Processing by ProductsController#index as HTML
  Rendering products/index.html.erb within layouts/application
  Rendered products/index.html.erb within layouts/application (1.8ms)
Completed 200 OK in 77ms (Views: 75.3ms | ActiveRecord: 0.0ms)


Started GET "/products" for 127.0.0.1 at 2017-06-23 04:16:52 +0530
Processing by ProductsController#index as HTML
  Rendering products/index.html.erb within layouts/application
  Rendered products/index.html.erb within layouts/application (0.7ms)
Completed 200 OK in 19ms (Views: 18.1ms | ActiveRecord: 0.0ms)


Started GET "/products" for 127.0.0.1 at 2017-06-23 04:16:54 +0530
Processing by ProductsController#index as HTML
  Rendering products/index.html.erb within layouts/application
  Rendered products/index.html.erb within layouts/application (0.7ms)
Completed 200 OK in 20ms (Views: 19.4ms | ActiveRecord: 0.0ms)


Started GET "/products" for 127.0.0.1 at 2017-06-23 10:06:13 +0530
Processing by ProductsController#index as HTML
  Rendering products/index.html.erb within layouts/application
  Rendered products/index.html.erb within layouts/application (1.5ms)
Completed 200 OK in 27ms (Views: 24.8ms | ActiveRecord: 0.0ms)


Started GET "/products/new" for 127.0.0.1 at 2017-06-23 10:06:15 +0530
Processing by ProductsController#new as HTML
  Rendering products/new.html.erb within layouts/application
  Rendered products/_form.html.erb (2.4ms)
  Rendered products/new.html.erb within layouts/application (3.8ms)
Completed 500 Internal Server Error in 7ms (ActiveRecord: 0.0ms)


  
ActionView::Template::Error (First argument in form cannot contain nil or be empty):
    1: <%= form_for(@object) do |f| %>
    2:   <% if @object.errors.any? %>
    3:     <div id="error_explanation">
    4:       <h2><%= pluralize(@object.errors.count, "error") %> prohibited this product from being saved:</h2>
  
app/views/products/_form.html.erb:1:in `_app_views_products__form_html_erb__1857186112077676977_70056537247700'
app/views/products/new.html.erb:6:in `_app_views_products_new_html_erb__2686422106991868468_70056537569220'
Started GET "/products/new" for 127.0.0.1 at 2017-06-23 10:06:58 +0530
Processing by ProductsController#new as HTML
  Rendering products/new.html.erb within layouts/application
  Rendered products/_form.html.erb (54.1ms) [cache miss]
  Rendered products/new.html.erb within layouts/application (55.3ms)
Completed 200 OK in 96ms (Views: 73.3ms | ActiveRecord: 6.9ms)


Started GET "/products/new" for 127.0.0.1 at 2017-06-23 10:08:10 +0530
Processing by ProductsController#new as HTML
  Rendering products/new.html.erb within layouts/application
  Rendered products/_form.html.erb (2.9ms) [cache miss]
  Rendered products/new.html.erb within layouts/application (3.9ms)
Completed 200 OK in 33ms (Views: 19.0ms | ActiveRecord: 1.1ms)


Started GET "/products/new" for 127.0.0.1 at 2017-06-23 10:09:20 +0530
Processing by ProductsController#new as HTML
  Rendering products/new.html.erb within layouts/application
  Rendered products/_form.html.erb (3.3ms) [cache miss]
  Rendered products/new.html.erb within layouts/application (4.8ms)
Completed 200 OK in 24ms (Views: 21.7ms | ActiveRecord: 0.0ms)


Started POST "/products" for 127.0.0.1 at 2017-06-23 10:09:37 +0530
Processing by ProductsController#create as HTML
  Parameters: {"utf8"=>"✓", "authenticity_token"=>"S5bIEUxnj5Z72tjFSW2V4YKUDzDdvKhfDJFQL9bKatX4JlvSfdU/42eJbjXzAYItBlqVFcvoejRzCb7Mvs3vEA==", "product"=>{"name"=>"", "price"=>"", "color"=>"Red", "status"=>"1", "inward_date"=>"", "description"=>"Test pend"}, "commit"=>"Create Product"}
  [1m[35m (0.2ms)[0m  [1m[35mBEGIN[0m
  [1m[35mSQL (45.5ms)[0m  [1m[32mINSERT INTO `products` (`name`, `color`, `status`, `description`, `created_at`, `updated_at`) VALUES ('', 'Red', 1, 'Test pend', '2017-06-23 04:39:37', '2017-06-23 04:39:37')[0m
  [1m[35m (63.3ms)[0m  [1m[35mCOMMIT[0m
Redirected to http://localhost:3000/products/1
Completed 302 Found in 113ms (ActiveRecord: 108.9ms)


Started GET "/products/1" for 127.0.0.1 at 2017-06-23 10:09:37 +0530
  
AbstractController::ActionNotFound (The action 'show' could not be found for ProductsController):
  
actionpack (5.1.1) lib/abstract_controller/base.rb:119:in `process'
actionview (5.1.1) lib/action_view/rendering.rb:30:in `process'
actionpack (5.1.1) lib/action_controller/metal.rb:189:in `dispatch'
actionpack (5.1.1) lib/action_controller/metal.rb:253:in `dispatch'
actionpack (5.1.1) lib/action_dispatch/routing/route_set.rb:49:in `dispatch'
actionpack (5.1.1) lib/action_dispatch/routing/route_set.rb:31:in `serve'
actionpack (5.1.1) lib/action_dispatch/journey/router.rb:46:in `block in serve'
actionpack (5.1.1) lib/action_dispatch/journey/router.rb:33:in `each'
actionpack (5.1.1) lib/action_dispatch/journey/router.rb:33:in `serve'
actionpack (5.1.1) lib/action_dispatch/routing/route_set.rb:832:in `call'
rack (2.0.3) lib/rack/etag.rb:25:in `call'
rack (2.0.3) lib/rack/conditional_get.rb:25:in `call'
rack (2.0.3) lib/rack/head.rb:12:in `call'
rack (2.0.3) lib/rack/session/abstract/id.rb:232:in `context'
rack (2.0.3) lib/rack/session/abstract/id.rb:226:in `call'
actionpack (5.1.1) lib/action_dispatch/middleware/cookies.rb:613:in `call'
activerecord (5.1.1) lib/active_record/migration.rb:556:in `call'
actionpack (5.1.1) lib/action_dispatch/middleware/callbacks.rb:26:in `block in call'
activesupport (5.1.1) lib/active_support/callbacks.rb:97:in `run_callbacks'
actionpack (5.1.1) lib/action_dispatch/middleware/callbacks.rb:24:in `call'
actionpack (5.1.1) lib/action_dispatch/middleware/executor.rb:12:in `call'
actionpack (5.1.1) lib/action_dispatch/middleware/debug_exceptions.rb:59:in `call'
web-console (3.5.1) lib/web_console/middleware.rb:135:in `call_app'
web-console (3.5.1) lib/web_console/middleware.rb:28:in `block in call'
web-console (3.5.1) lib/web_console/middleware.rb:18:in `catch'
web-console (3.5.1) lib/web_console/middleware.rb:18:in `call'
actionpack (5.1.1) lib/action_dispatch/middleware/show_exceptions.rb:31:in `call'
railties (5.1.1) lib/rails/rack/logger.rb:36:in `call_app'
railties (5.1.1) lib/rails/rack/logger.rb:24:in `block in call'
activesupport (5.1.1) lib/active_support/tagged_logging.rb:69:in `block in tagged'
activesupport (5.1.1) lib/active_support/tagged_logging.rb:26:in `tagged'
activesupport (5.1.1) lib/active_support/tagged_logging.rb:69:in `tagged'
railties (5.1.1) lib/rails/rack/logger.rb:24:in `call'
sprockets-rails (3.2.0) lib/sprockets/rails/quiet_assets.rb:13:in `call'
actionpack (5.1.1) lib/action_dispatch/middleware/remote_ip.rb:79:in `call'
actionpack (5.1.1) lib/action_dispatch/middleware/request_id.rb:25:in `call'
rack (2.0.3) lib/rack/method_override.rb:22:in `call'
rack (2.0.3) lib/rack/runtime.rb:22:in `call'
activesupport (5.1.1) lib/active_support/cache/strategy/local_cache_middleware.rb:27:in `call'
actionpack (5.1.1) lib/action_dispatch/middleware/executor.rb:12:in `call'
actionpack (5.1.1) lib/action_dispatch/middleware/static.rb:125:in `call'
rack (2.0.3) lib/rack/sendfile.rb:111:in `call'
railties (5.1.1) lib/rails/engine.rb:522:in `call'
puma (3.9.1) lib/puma/configuration.rb:224:in `call'
puma (3.9.1) lib/puma/server.rb:602:in `handle_request'
puma (3.9.1) lib/puma/server.rb:435:in `process_client'
puma (3.9.1) lib/puma/server.rb:299:in `block in run'
puma (3.9.1) lib/puma/thread_pool.rb:120:in `call'
puma (3.9.1) lib/puma/thread_pool.rb:120:in `block in spawn_thread'
Started GET "/products" for 127.0.0.1 at 2017-06-23 10:10:29 +0530
Processing by ProductsController#index as HTML
  Rendering products/index.html.erb within layouts/application
  Rendered products/index.html.erb within layouts/application (1.2ms)
Completed 200 OK in 32ms (Views: 31.0ms | ActiveRecord: 0.0ms)


Started GET "/products/new" for 127.0.0.1 at 2017-06-23 10:10:40 +0530
Processing by ProductsController#new as HTML
  Rendering products/new.html.erb within layouts/application
  Rendered products/_form.html.erb (5.3ms) [cache miss]
  Rendered products/new.html.erb within layouts/application (6.3ms)
Completed 200 OK in 38ms (Views: 21.5ms | ActiveRecord: 1.4ms)


Started GET "/products" for 127.0.0.1 at 2017-06-23 10:10:57 +0530
Processing by ProductsController#index as HTML
  Rendering products/index.html.erb within layouts/application
  Rendered products/index.html.erb within layouts/application (0.7ms)
Completed 200 OK in 21ms (Views: 20.1ms | ActiveRecord: 0.0ms)


Started GET "/products" for 127.0.0.1 at 2017-06-23 10:13:41 +0530
Processing by ProductsController#index as HTML
  Rendering products/index.html.erb within layouts/application
  [1m[36mProduct Load (0.4ms)[0m  [1m[34mSELECT `products`.* FROM `products`[0m
  Rendered products/index.html.erb within layouts/application (37.0ms)
Completed 500 Internal Server Error in 44ms (ActiveRecord: 23.1ms)


  
ActionView::Template::Error (undefined method `date' for #<Product:0x007f6e9de169b0>):
    25:         <td><%= product.price %></td>
    26:         <td><%= product.color %></td>
    27:         <td><%= product.status %></td>
    28:         <td><%= product.date%></td>
    29:         <td><%= product.description %></td>
    30:       </tr>
    31:     <% end %>
  
app/views/products/index.html.erb:28:in `block in _app_views_products_index_html_erb__3656678916462763670_70056538022140'
app/views/products/index.html.erb:22:in `_app_views_products_index_html_erb__3656678916462763670_70056538022140'
Started GET "/products" for 127.0.0.1 at 2017-06-23 10:13:58 +0530
Processing by ProductsController#index as HTML
  Rendering products/index.html.erb within layouts/application
  [1m[36mProduct Load (0.6ms)[0m  [1m[34mSELECT `products`.* FROM `products`[0m
  Rendered products/index.html.erb within layouts/application (4.8ms)
Completed 200 OK in 32ms (Views: 30.0ms | ActiveRecord: 0.6ms)


Started GET "/products" for 127.0.0.1 at 2017-06-23 10:14:31 +0530
Processing by ProductsController#index as HTML
  Rendering products/index.html.erb within layouts/application
  [1m[36mProduct Load (0.5ms)[0m  [1m[34mSELECT `products`.* FROM `products`[0m
  Rendered products/index.html.erb within layouts/application (5.1ms)
Completed 200 OK in 37ms (Views: 34.2ms | ActiveRecord: 0.5ms)


Started GET "/products" for 127.0.0.1 at 2017-06-23 10:24:12 +0530
  
ActionController::RoutingError (No route matches [GET] "/products"):
  
actionpack (5.1.1) lib/action_dispatch/middleware/debug_exceptions.rb:63:in `call'
web-console (3.5.1) lib/web_console/middleware.rb:135:in `call_app'
web-console (3.5.1) lib/web_console/middleware.rb:28:in `block in call'
web-console (3.5.1) lib/web_console/middleware.rb:18:in `catch'
web-console (3.5.1) lib/web_console/middleware.rb:18:in `call'
actionpack (5.1.1) lib/action_dispatch/middleware/show_exceptions.rb:31:in `call'
railties (5.1.1) lib/rails/rack/logger.rb:36:in `call_app'
railties (5.1.1) lib/rails/rack/logger.rb:24:in `block in call'
activesupport (5.1.1) lib/active_support/tagged_logging.rb:69:in `block in tagged'
activesupport (5.1.1) lib/active_support/tagged_logging.rb:26:in `tagged'
activesupport (5.1.1) lib/active_support/tagged_logging.rb:69:in `tagged'
railties (5.1.1) lib/rails/rack/logger.rb:24:in `call'
sprockets-rails (3.2.0) lib/sprockets/rails/quiet_assets.rb:13:in `call'
actionpack (5.1.1) lib/action_dispatch/middleware/remote_ip.rb:79:in `call'
actionpack (5.1.1) lib/action_dispatch/middleware/request_id.rb:25:in `call'
rack (2.0.3) lib/rack/method_override.rb:22:in `call'
rack (2.0.3) lib/rack/runtime.rb:22:in `call'
activesupport (5.1.1) lib/active_support/cache/strategy/local_cache_middleware.rb:27:in `call'
actionpack (5.1.1) lib/action_dispatch/middleware/executor.rb:12:in `call'
actionpack (5.1.1) lib/action_dispatch/middleware/static.rb:125:in `call'
rack (2.0.3) lib/rack/sendfile.rb:111:in `call'
railties (5.1.1) lib/rails/engine.rb:522:in `call'
puma (3.9.1) lib/puma/configuration.rb:224:in `call'
puma (3.9.1) lib/puma/server.rb:602:in `handle_request'
puma (3.9.1) lib/puma/server.rb:435:in `process_client'
puma (3.9.1) lib/puma/server.rb:299:in `block in run'
puma (3.9.1) lib/puma/thread_pool.rb:120:in `call'
puma (3.9.1) lib/puma/thread_pool.rb:120:in `block in spawn_thread'
Started GET "/products" for 127.0.0.1 at 2017-06-23 10:24:37 +0530
Processing by ProductsController#index as HTML
  Rendering products/index.html.erb within layouts/application
  [1m[36mProduct Load (0.3ms)[0m  [1m[34mSELECT `products`.* FROM `products`[0m
  Rendered products/index.html.erb within layouts/application (133.5ms)
Completed 500 Internal Server Error in 138ms (ActiveRecord: 1.2ms)


  
ActionView::Template::Error (undefined local variable or method `new_product_path' for #<#<Class:0x007f6e9d2e5320>:0x007f6e9d2d8f08>):
    34: 
    35: <br>
    36: 
    37: <%= link_to 'New Pen', new_product_path %> | <%= link_to 'New Notebook' %>
  
app/views/products/index.html.erb:37:in `_app_views_products_index_html_erb__3656678916462763670_70056530097800'
Started GET "/products" for 127.0.0.1 at 2017-06-23 10:25:54 +0530
  
LoadError (Unable to autoload constant ProductsController, expected /home/narayan/rails_project/store/app/controllers/products_controller.rb to define it):
  
activesupport (5.1.1) lib/active_support/dependencies.rb:511:in `load_missing_constant'
activesupport (5.1.1) lib/active_support/dependencies.rb:202:in `const_missing'
activesupport (5.1.1) lib/active_support/inflector/methods.rb:269:in `const_get'
activesupport (5.1.1) lib/active_support/inflector/methods.rb:269:in `block in constantize'
activesupport (5.1.1) lib/active_support/inflector/methods.rb:267:in `each'
activesupport (5.1.1) lib/active_support/inflector/methods.rb:267:in `inject'
activesupport (5.1.1) lib/active_support/inflector/methods.rb:267:in `constantize'
activesupport (5.1.1) lib/active_support/dependencies.rb:582:in `get'
activesupport (5.1.1) lib/active_support/dependencies.rb:613:in `constantize'
actionpack (5.1.1) lib/action_dispatch/http/request.rb:82:in `controller_class'
actionpack (5.1.1) lib/action_dispatch/routing/route_set.rb:43:in `controller'
actionpack (5.1.1) lib/action_dispatch/routing/route_set.rb:29:in `serve'
actionpack (5.1.1) lib/action_dispatch/journey/router.rb:46:in `block in serve'
actionpack (5.1.1) lib/action_dispatch/journey/router.rb:33:in `each'
actionpack (5.1.1) lib/action_dispatch/journey/router.rb:33:in `serve'
actionpack (5.1.1) lib/action_dispatch/routing/route_set.rb:832:in `call'
rack (2.0.3) lib/rack/etag.rb:25:in `call'
rack (2.0.3) lib/rack/conditional_get.rb:25:in `call'
rack (2.0.3) lib/rack/head.rb:12:in `call'
rack (2.0.3) lib/rack/session/abstract/id.rb:232:in `context'
rack (2.0.3) lib/rack/session/abstract/id.rb:226:in `call'
actionpack (5.1.1) lib/action_dispatch/middleware/cookies.rb:613:in `call'
activerecord (5.1.1) lib/active_record/migration.rb:556:in `call'
actionpack (5.1.1) lib/action_dispatch/middleware/callbacks.rb:26:in `block in call'
activesupport (5.1.1) lib/active_support/callbacks.rb:97:in `run_callbacks'
actionpack (5.1.1) lib/action_dispatch/middleware/callbacks.rb:24:in `call'
actionpack (5.1.1) lib/action_dispatch/middleware/executor.rb:12:in `call'
actionpack (5.1.1) lib/action_dispatch/middleware/debug_exceptions.rb:59:in `call'
web-console (3.5.1) lib/web_console/middleware.rb:135:in `call_app'
web-console (3.5.1) lib/web_console/middleware.rb:28:in `block in call'
web-console (3.5.1) lib/web_console/middleware.rb:18:in `catch'
web-console (3.5.1) lib/web_console/middleware.rb:18:in `call'
actionpack (5.1.1) lib/action_dispatch/middleware/show_exceptions.rb:31:in `call'
railties (5.1.1) lib/rails/rack/logger.rb:36:in `call_app'
railties (5.1.1) lib/rails/rack/logger.rb:24:in `block in call'
activesupport (5.1.1) lib/active_support/tagged_logging.rb:69:in `block in tagged'
activesupport (5.1.1) lib/active_support/tagged_logging.rb:26:in `tagged'
activesupport (5.1.1) lib/active_support/tagged_logging.rb:69:in `tagged'
railties (5.1.1) lib/rails/rack/logger.rb:24:in `call'
sprockets-rails (3.2.0) lib/sprockets/rails/quiet_assets.rb:13:in `call'
actionpack (5.1.1) lib/action_dispatch/middleware/remote_ip.rb:79:in `call'
actionpack (5.1.1) lib/action_dispatch/middleware/request_id.rb:25:in `call'
rack (2.0.3) lib/rack/method_override.rb:22:in `call'
rack (2.0.3) lib/rack/runtime.rb:22:in `call'
activesupport (5.1.1) lib/active_support/cache/strategy/local_cache_middleware.rb:27:in `call'
actionpack (5.1.1) lib/action_dispatch/middleware/executor.rb:12:in `call'
actionpack (5.1.1) lib/action_dispatch/middleware/static.rb:125:in `call'
rack (2.0.3) lib/rack/sendfile.rb:111:in `call'
railties (5.1.1) lib/rails/engine.rb:522:in `call'
puma (3.9.1) lib/puma/configuration.rb:224:in `call'
puma (3.9.1) lib/puma/server.rb:602:in `handle_request'
puma (3.9.1) lib/puma/server.rb:435:in `process_client'
puma (3.9.1) lib/puma/server.rb:299:in `block in run'
puma (3.9.1) lib/puma/thread_pool.rb:120:in `call'
puma (3.9.1) lib/puma/thread_pool.rb:120:in `block in spawn_thread'
Started GET "/home" for 127.0.0.1 at 2017-06-23 10:25:58 +0530
  
ActionController::RoutingError (No route matches [GET] "/home"):
  
actionpack (5.1.1) lib/action_dispatch/middleware/debug_exceptions.rb:63:in `call'
web-console (3.5.1) lib/web_console/middleware.rb:135:in `call_app'
web-console (3.5.1) lib/web_console/middleware.rb:28:in `block in call'
web-console (3.5.1) lib/web_console/middleware.rb:18:in `catch'
web-console (3.5.1) lib/web_console/middleware.rb:18:in `call'
actionpack (5.1.1) lib/action_dispatch/middleware/show_exceptions.rb:31:in `call'
railties (5.1.1) lib/rails/rack/logger.rb:36:in `call_app'
railties (5.1.1) lib/rails/rack/logger.rb:24:in `block in call'
activesupport (5.1.1) lib/active_support/tagged_logging.rb:69:in `block in tagged'
activesupport (5.1.1) lib/active_support/tagged_logging.rb:26:in `tagged'
activesupport (5.1.1) lib/active_support/tagged_logging.rb:69:in `tagged'
railties (5.1.1) lib/rails/rack/logger.rb:24:in `call'
sprockets-rails (3.2.0) lib/sprockets/rails/quiet_assets.rb:13:in `call'
actionpack (5.1.1) lib/action_dispatch/middleware/remote_ip.rb:79:in `call'
actionpack (5.1.1) lib/action_dispatch/middleware/request_id.rb:25:in `call'
rack (2.0.3) lib/rack/method_override.rb:22:in `call'
rack (2.0.3) lib/rack/runtime.rb:22:in `call'
activesupport (5.1.1) lib/active_support/cache/strategy/local_cache_middleware.rb:27:in `call'
actionpack (5.1.1) lib/action_dispatch/middleware/executor.rb:12:in `call'
actionpack (5.1.1) lib/action_dispatch/middleware/static.rb:125:in `call'
rack (2.0.3) lib/rack/sendfile.rb:111:in `call'
railties (5.1.1) lib/rails/engine.rb:522:in `call'
puma (3.9.1) lib/puma/configuration.rb:224:in `call'
puma (3.9.1) lib/puma/server.rb:602:in `handle_request'
puma (3.9.1) lib/puma/server.rb:435:in `process_client'
puma (3.9.1) lib/puma/server.rb:299:in `block in run'
puma (3.9.1) lib/puma/thread_pool.rb:120:in `call'
puma (3.9.1) lib/puma/thread_pool.rb:120:in `block in spawn_thread'
Started GET "/home" for 127.0.0.1 at 2017-06-23 10:27:06 +0530
  
ActionController::RoutingError (uninitialized constant HomeController):
  
activesupport (5.1.1) lib/active_support/inflector/methods.rb:269:in `const_get'
activesupport (5.1.1) lib/active_support/inflector/methods.rb:269:in `block in constantize'
activesupport (5.1.1) lib/active_support/inflector/methods.rb:267:in `each'
activesupport (5.1.1) lib/active_support/inflector/methods.rb:267:in `inject'
activesupport (5.1.1) lib/active_support/inflector/methods.rb:267:in `constantize'
actionpack (5.1.1) lib/action_dispatch/http/request.rb:82:in `controller_class'
actionpack (5.1.1) lib/action_dispatch/routing/route_set.rb:43:in `controller'
actionpack (5.1.1) lib/action_dispatch/routing/route_set.rb:29:in `serve'
actionpack (5.1.1) lib/action_dispatch/journey/router.rb:46:in `block in serve'
actionpack (5.1.1) lib/action_dispatch/journey/router.rb:33:in `each'
actionpack (5.1.1) lib/action_dispatch/journey/router.rb:33:in `serve'
actionpack (5.1.1) lib/action_dispatch/routing/route_set.rb:832:in `call'
rack (2.0.3) lib/rack/etag.rb:25:in `call'
rack (2.0.3) lib/rack/conditional_get.rb:25:in `call'
rack (2.0.3) lib/rack/head.rb:12:in `call'
rack (2.0.3) lib/rack/session/abstract/id.rb:232:in `context'
rack (2.0.3) lib/rack/session/abstract/id.rb:226:in `call'
actionpack (5.1.1) lib/action_dispatch/middleware/cookies.rb:613:in `call'
activerecord (5.1.1) lib/active_record/migration.rb:556:in `call'
actionpack (5.1.1) lib/action_dispatch/middleware/callbacks.rb:26:in `block in call'
activesupport (5.1.1) lib/active_support/callbacks.rb:97:in `run_callbacks'
actionpack (5.1.1) lib/action_dispatch/middleware/callbacks.rb:24:in `call'
actionpack (5.1.1) lib/action_dispatch/middleware/executor.rb:12:in `call'
actionpack (5.1.1) lib/action_dispatch/middleware/debug_exceptions.rb:59:in `call'
web-console (3.5.1) lib/web_console/middleware.rb:135:in `call_app'
web-console (3.5.1) lib/web_console/middleware.rb:28:in `block in call'
web-console (3.5.1) lib/web_console/middleware.rb:18:in `catch'
web-console (3.5.1) lib/web_console/middleware.rb:18:in `call'
actionpack (5.1.1) lib/action_dispatch/middleware/show_exceptions.rb:31:in `call'
railties (5.1.1) lib/rails/rack/logger.rb:36:in `call_app'
railties (5.1.1) lib/rails/rack/logger.rb:24:in `block in call'
activesupport (5.1.1) lib/active_support/tagged_logging.rb:69:in `block in tagged'
activesupport (5.1.1) lib/active_support/tagged_logging.rb:26:in `tagged'
activesupport (5.1.1) lib/active_support/tagged_logging.rb:69:in `tagged'
railties (5.1.1) lib/rails/rack/logger.rb:24:in `call'
sprockets-rails (3.2.0) lib/sprockets/rails/quiet_assets.rb:13:in `call'
actionpack (5.1.1) lib/action_dispatch/middleware/remote_ip.rb:79:in `call'
actionpack (5.1.1) lib/action_dispatch/middleware/request_id.rb:25:in `call'
rack (2.0.3) lib/rack/method_override.rb:22:in `call'
rack (2.0.3) lib/rack/runtime.rb:22:in `call'
activesupport (5.1.1) lib/active_support/cache/strategy/local_cache_middleware.rb:27:in `call'
actionpack (5.1.1) lib/action_dispatch/middleware/executor.rb:12:in `call'
actionpack (5.1.1) lib/action_dispatch/middleware/static.rb:125:in `call'
rack (2.0.3) lib/rack/sendfile.rb:111:in `call'
railties (5.1.1) lib/rails/engine.rb:522:in `call'
puma (3.9.1) lib/puma/configuration.rb:224:in `call'
puma (3.9.1) lib/puma/server.rb:602:in `handle_request'
puma (3.9.1) lib/puma/server.rb:435:in `process_client'
puma (3.9.1) lib/puma/server.rb:299:in `block in run'
puma (3.9.1) lib/puma/thread_pool.rb:120:in `call'
puma (3.9.1) lib/puma/thread_pool.rb:120:in `block in spawn_thread'
Started GET "/home" for 127.0.0.1 at 2017-06-23 10:27:29 +0530
Processing by HomeController#index as HTML
  Rendering home/index.html.erb within layouts/application
  [1m[36mProduct Load (0.6ms)[0m  [1m[34mSELECT `products`.* FROM `products`[0m
  Rendered home/index.html.erb within layouts/application (130.8ms)
Completed 500 Internal Server Error in 137ms (ActiveRecord: 1.7ms)


  
ActionView::Template::Error (undefined local variable or method `new_product_path' for #<#<Class:0x007f6e90874fa0>:0x007f6e908733a8>):
    34: 
    35: <br>
    36: 
    37: <%= link_to 'New Pen', new_product_path %> | <%= link_to 'New Notebook' %>
  
app/views/home/index.html.erb:37:in `_app_views_home_index_html_erb___3504007891152365851_70056423959820'
Started GET "/home" for 127.0.0.1 at 2017-06-23 10:27:40 +0530
Processing by HomeController#index as HTML
  Rendering home/index.html.erb within layouts/application
  [1m[36mProduct Load (1.0ms)[0m  [1m[34mSELECT `products`.* FROM `products`[0m
  Rendered home/index.html.erb within layouts/application (95.3ms)
Completed 500 Internal Server Error in 100ms (ActiveRecord: 1.0ms)


  
ActionView::Template::Error (undefined local variable or method `new_product_path' for #<#<Class:0x007f6e90874fa0>:0x007f6e9d44ae40>):
    34: 
    35: <br>
    36: 
    37: <%= link_to 'New Pen', new_product_path %> | <%= link_to 'New Notebook' %>
  
app/views/home/index.html.erb:37:in `_app_views_home_index_html_erb___3504007891152365851_70056530855800'
Started GET "/home" for 127.0.0.1 at 2017-06-23 10:29:07 +0530
Processing by HomeController#index as HTML
  Rendering home/index.html.erb within layouts/application
  [1m[36mProduct Load (0.7ms)[0m  [1m[34mSELECT `products`.* FROM `products`[0m
  Rendered home/index.html.erb within layouts/application (107.0ms)
Completed 500 Internal Server Error in 111ms (ActiveRecord: 0.7ms)


  
ActionView::Template::Error (undefined local variable or method `new_product_path' for #<#<Class:0x007f6e90874fa0>:0x007f6e9dd9f770>):
    34: 
    35: <br>
    36: 
    37: <%= link_to 'New Pen', new_product_path %> | <%= link_to 'New Notebook' %>
  
app/views/home/index.html.erb:37:in `_app_views_home_index_html_erb___3504007891152365851_70056559722880'
Started GET "/home" for 127.0.0.1 at 2017-06-23 10:29:21 +0530
Processing by HomeController#index as HTML
  Rendering home/index.html.erb within layouts/application
  [1m[36mProduct Load (0.6ms)[0m  [1m[34mSELECT `products`.* FROM `products`[0m
  Rendered home/index.html.erb within layouts/application (4.1ms)
Completed 200 OK in 27ms (Views: 25.5ms | ActiveRecord: 0.6ms)


Started GET "/pen/new" for 127.0.0.1 at 2017-06-23 10:29:23 +0530
  
ActionController::RoutingError (uninitialized constant PenController):
  
activesupport (5.1.1) lib/active_support/inflector/methods.rb:269:in `const_get'
activesupport (5.1.1) lib/active_support/inflector/methods.rb:269:in `block in constantize'
activesupport (5.1.1) lib/active_support/inflector/methods.rb:267:in `each'
activesupport (5.1.1) lib/active_support/inflector/methods.rb:267:in `inject'
activesupport (5.1.1) lib/active_support/inflector/methods.rb:267:in `constantize'
actionpack (5.1.1) lib/action_dispatch/http/request.rb:82:in `controller_class'
actionpack (5.1.1) lib/action_dispatch/routing/route_set.rb:43:in `controller'
actionpack (5.1.1) lib/action_dispatch/routing/route_set.rb:29:in `serve'
actionpack (5.1.1) lib/action_dispatch/journey/router.rb:46:in `block in serve'
actionpack (5.1.1) lib/action_dispatch/journey/router.rb:33:in `each'
actionpack (5.1.1) lib/action_dispatch/journey/router.rb:33:in `serve'
actionpack (5.1.1) lib/action_dispatch/routing/route_set.rb:832:in `call'
rack (2.0.3) lib/rack/etag.rb:25:in `call'
rack (2.0.3) lib/rack/conditional_get.rb:25:in `call'
rack (2.0.3) lib/rack/head.rb:12:in `call'
rack (2.0.3) lib/rack/session/abstract/id.rb:232:in `context'
rack (2.0.3) lib/rack/session/abstract/id.rb:226:in `call'
actionpack (5.1.1) lib/action_dispatch/middleware/cookies.rb:613:in `call'
activerecord (5.1.1) lib/active_record/migration.rb:556:in `call'
actionpack (5.1.1) lib/action_dispatch/middleware/callbacks.rb:26:in `block in call'
activesupport (5.1.1) lib/active_support/callbacks.rb:97:in `run_callbacks'
actionpack (5.1.1) lib/action_dispatch/middleware/callbacks.rb:24:in `call'
actionpack (5.1.1) lib/action_dispatch/middleware/executor.rb:12:in `call'
actionpack (5.1.1) lib/action_dispatch/middleware/debug_exceptions.rb:59:in `call'
web-console (3.5.1) lib/web_console/middleware.rb:135:in `call_app'
web-console (3.5.1) lib/web_console/middleware.rb:28:in `block in call'
web-console (3.5.1) lib/web_console/middleware.rb:18:in `catch'
web-console (3.5.1) lib/web_console/middleware.rb:18:in `call'
actionpack (5.1.1) lib/action_dispatch/middleware/show_exceptions.rb:31:in `call'
railties (5.1.1) lib/rails/rack/logger.rb:36:in `call_app'
railties (5.1.1) lib/rails/rack/logger.rb:24:in `block in call'
activesupport (5.1.1) lib/active_support/tagged_logging.rb:69:in `block in tagged'
activesupport (5.1.1) lib/active_support/tagged_logging.rb:26:in `tagged'
activesupport (5.1.1) lib/active_support/tagged_logging.rb:69:in `tagged'
railties (5.1.1) lib/rails/rack/logger.rb:24:in `call'
sprockets-rails (3.2.0) lib/sprockets/rails/quiet_assets.rb:13:in `call'
actionpack (5.1.1) lib/action_dispatch/middleware/remote_ip.rb:79:in `call'
actionpack (5.1.1) lib/action_dispatch/middleware/request_id.rb:25:in `call'
rack (2.0.3) lib/rack/method_override.rb:22:in `call'
rack (2.0.3) lib/rack/runtime.rb:22:in `call'
activesupport (5.1.1) lib/active_support/cache/strategy/local_cache_middleware.rb:27:in `call'
actionpack (5.1.1) lib/action_dispatch/middleware/executor.rb:12:in `call'
actionpack (5.1.1) lib/action_dispatch/middleware/static.rb:125:in `call'
rack (2.0.3) lib/rack/sendfile.rb:111:in `call'
railties (5.1.1) lib/rails/engine.rb:522:in `call'
puma (3.9.1) lib/puma/configuration.rb:224:in `call'
puma (3.9.1) lib/puma/server.rb:602:in `handle_request'
puma (3.9.1) lib/puma/server.rb:435:in `process_client'
puma (3.9.1) lib/puma/server.rb:299:in `block in run'
puma (3.9.1) lib/puma/thread_pool.rb:120:in `call'
puma (3.9.1) lib/puma/thread_pool.rb:120:in `block in spawn_thread'
Started GET "/" for 127.0.0.1 at 2017-06-23 10:31:52 +0530
Processing by Rails::WelcomeController#index as HTML
  Rendering /home/narayan/.rvm/gems/ruby-2.2.6/gems/railties-5.1.1/lib/rails/templates/rails/welcome/index.html.erb
  Rendered /home/narayan/.rvm/gems/ruby-2.2.6/gems/railties-5.1.1/lib/rails/templates/rails/welcome/index.html.erb (2.5ms)
Completed 200 OK in 4ms (Views: 3.5ms | ActiveRecord: 0.0ms)


Started GET "/home" for 127.0.0.1 at 2017-06-23 10:31:57 +0530
Processing by HomeController#index as HTML
  Rendering home/index.html.erb within layouts/application
  [1m[36mProduct Load (0.6ms)[0m  [1m[34mSELECT `products`.* FROM `products`[0m
  Rendered home/index.html.erb within layouts/application (3.4ms)
Completed 200 OK in 32ms (Views: 29.6ms | ActiveRecord: 0.6ms)


Started GET "/pen/new" for 127.0.0.1 at 2017-06-23 10:32:05 +0530
  
ActionController::RoutingError (uninitialized constant PenController):
  
activesupport (5.1.1) lib/active_support/inflector/methods.rb:269:in `const_get'
activesupport (5.1.1) lib/active_support/inflector/methods.rb:269:in `block in constantize'
activesupport (5.1.1) lib/active_support/inflector/methods.rb:267:in `each'
activesupport (5.1.1) lib/active_support/inflector/methods.rb:267:in `inject'
activesupport (5.1.1) lib/active_support/inflector/methods.rb:267:in `constantize'
actionpack (5.1.1) lib/action_dispatch/http/request.rb:82:in `controller_class'
actionpack (5.1.1) lib/action_dispatch/routing/route_set.rb:43:in `controller'
actionpack (5.1.1) lib/action_dispatch/routing/route_set.rb:29:in `serve'
actionpack (5.1.1) lib/action_dispatch/journey/router.rb:46:in `block in serve'
actionpack (5.1.1) lib/action_dispatch/journey/router.rb:33:in `each'
actionpack (5.1.1) lib/action_dispatch/journey/router.rb:33:in `serve'
actionpack (5.1.1) lib/action_dispatch/routing/route_set.rb:832:in `call'
rack (2.0.3) lib/rack/etag.rb:25:in `call'
rack (2.0.3) lib/rack/conditional_get.rb:25:in `call'
rack (2.0.3) lib/rack/head.rb:12:in `call'
rack (2.0.3) lib/rack/session/abstract/id.rb:232:in `context'
rack (2.0.3) lib/rack/session/abstract/id.rb:226:in `call'
actionpack (5.1.1) lib/action_dispatch/middleware/cookies.rb:613:in `call'
activerecord (5.1.1) lib/active_record/migration.rb:556:in `call'
actionpack (5.1.1) lib/action_dispatch/middleware/callbacks.rb:26:in `block in call'
activesupport (5.1.1) lib/active_support/callbacks.rb:97:in `run_callbacks'
actionpack (5.1.1) lib/action_dispatch/middleware/callbacks.rb:24:in `call'
actionpack (5.1.1) lib/action_dispatch/middleware/executor.rb:12:in `call'
actionpack (5.1.1) lib/action_dispatch/middleware/debug_exceptions.rb:59:in `call'
web-console (3.5.1) lib/web_console/middleware.rb:135:in `call_app'
web-console (3.5.1) lib/web_console/middleware.rb:28:in `block in call'
web-console (3.5.1) lib/web_console/middleware.rb:18:in `catch'
web-console (3.5.1) lib/web_console/middleware.rb:18:in `call'
actionpack (5.1.1) lib/action_dispatch/middleware/show_exceptions.rb:31:in `call'
railties (5.1.1) lib/rails/rack/logger.rb:36:in `call_app'
railties (5.1.1) lib/rails/rack/logger.rb:24:in `block in call'
activesupport (5.1.1) lib/active_support/tagged_logging.rb:69:in `block in tagged'
activesupport (5.1.1) lib/active_support/tagged_logging.rb:26:in `tagged'
activesupport (5.1.1) lib/active_support/tagged_logging.rb:69:in `tagged'
railties (5.1.1) lib/rails/rack/logger.rb:24:in `call'
sprockets-rails (3.2.0) lib/sprockets/rails/quiet_assets.rb:13:in `call'
actionpack (5.1.1) lib/action_dispatch/middleware/remote_ip.rb:79:in `call'
actionpack (5.1.1) lib/action_dispatch/middleware/request_id.rb:25:in `call'
rack (2.0.3) lib/rack/method_override.rb:22:in `call'
rack (2.0.3) lib/rack/runtime.rb:22:in `call'
activesupport (5.1.1) lib/active_support/cache/strategy/local_cache_middleware.rb:27:in `call'
actionpack (5.1.1) lib/action_dispatch/middleware/executor.rb:12:in `call'
actionpack (5.1.1) lib/action_dispatch/middleware/static.rb:125:in `call'
rack (2.0.3) lib/rack/sendfile.rb:111:in `call'
railties (5.1.1) lib/rails/engine.rb:522:in `call'
puma (3.9.1) lib/puma/configuration.rb:224:in `call'
puma (3.9.1) lib/puma/server.rb:602:in `handle_request'
puma (3.9.1) lib/puma/server.rb:435:in `process_client'
puma (3.9.1) lib/puma/server.rb:299:in `block in run'
puma (3.9.1) lib/puma/thread_pool.rb:120:in `call'
puma (3.9.1) lib/puma/thread_pool.rb:120:in `block in spawn_thread'
Started GET "/pen/new" for 127.0.0.1 at 2017-06-23 10:32:21 +0530
  
ActionController::RoutingError (uninitialized constant PenController):
  
activesupport (5.1.1) lib/active_support/inflector/methods.rb:269:in `const_get'
activesupport (5.1.1) lib/active_support/inflector/methods.rb:269:in `block in constantize'
activesupport (5.1.1) lib/active_support/inflector/methods.rb:267:in `each'
activesupport (5.1.1) lib/active_support/inflector/methods.rb:267:in `inject'
activesupport (5.1.1) lib/active_support/inflector/methods.rb:267:in `constantize'
actionpack (5.1.1) lib/action_dispatch/http/request.rb:82:in `controller_class'
actionpack (5.1.1) lib/action_dispatch/routing/route_set.rb:43:in `controller'
actionpack (5.1.1) lib/action_dispatch/routing/route_set.rb:29:in `serve'
actionpack (5.1.1) lib/action_dispatch/journey/router.rb:46:in `block in serve'
actionpack (5.1.1) lib/action_dispatch/journey/router.rb:33:in `each'
actionpack (5.1.1) lib/action_dispatch/journey/router.rb:33:in `serve'
actionpack (5.1.1) lib/action_dispatch/routing/route_set.rb:832:in `call'
rack (2.0.3) lib/rack/etag.rb:25:in `call'
rack (2.0.3) lib/rack/conditional_get.rb:25:in `call'
rack (2.0.3) lib/rack/head.rb:12:in `call'
rack (2.0.3) lib/rack/session/abstract/id.rb:232:in `context'
rack (2.0.3) lib/rack/session/abstract/id.rb:226:in `call'
actionpack (5.1.1) lib/action_dispatch/middleware/cookies.rb:613:in `call'
activerecord (5.1.1) lib/active_record/migration.rb:556:in `call'
actionpack (5.1.1) lib/action_dispatch/middleware/callbacks.rb:26:in `block in call'
activesupport (5.1.1) lib/active_support/callbacks.rb:97:in `run_callbacks'
actionpack (5.1.1) lib/action_dispatch/middleware/callbacks.rb:24:in `call'
actionpack (5.1.1) lib/action_dispatch/middleware/executor.rb:12:in `call'
actionpack (5.1.1) lib/action_dispatch/middleware/debug_exceptions.rb:59:in `call'
web-console (3.5.1) lib/web_console/middleware.rb:135:in `call_app'
web-console (3.5.1) lib/web_console/middleware.rb:28:in `block in call'
web-console (3.5.1) lib/web_console/middleware.rb:18:in `catch'
web-console (3.5.1) lib/web_console/middleware.rb:18:in `call'
actionpack (5.1.1) lib/action_dispatch/middleware/show_exceptions.rb:31:in `call'
railties (5.1.1) lib/rails/rack/logger.rb:36:in `call_app'
railties (5.1.1) lib/rails/rack/logger.rb:24:in `block in call'
activesupport (5.1.1) lib/active_support/tagged_logging.rb:69:in `block in tagged'
activesupport (5.1.1) lib/active_support/tagged_logging.rb:26:in `tagged'
activesupport (5.1.1) lib/active_support/tagged_logging.rb:69:in `tagged'
railties (5.1.1) lib/rails/rack/logger.rb:24:in `call'
sprockets-rails (3.2.0) lib/sprockets/rails/quiet_assets.rb:13:in `call'
actionpack (5.1.1) lib/action_dispatch/middleware/remote_ip.rb:79:in `call'
actionpack (5.1.1) lib/action_dispatch/middleware/request_id.rb:25:in `call'
rack (2.0.3) lib/rack/method_override.rb:22:in `call'
rack (2.0.3) lib/rack/runtime.rb:22:in `call'
activesupport (5.1.1) lib/active_support/cache/strategy/local_cache_middleware.rb:27:in `call'
actionpack (5.1.1) lib/action_dispatch/middleware/executor.rb:12:in `call'
actionpack (5.1.1) lib/action_dispatch/middleware/static.rb:125:in `call'
rack (2.0.3) lib/rack/sendfile.rb:111:in `call'
railties (5.1.1) lib/rails/engine.rb:522:in `call'
puma (3.9.1) lib/puma/configuration.rb:224:in `call'
puma (3.9.1) lib/puma/server.rb:602:in `handle_request'
puma (3.9.1) lib/puma/server.rb:435:in `process_client'
puma (3.9.1) lib/puma/server.rb:299:in `block in run'
puma (3.9.1) lib/puma/thread_pool.rb:120:in `call'
puma (3.9.1) lib/puma/thread_pool.rb:120:in `block in spawn_thread'
Started GET "/pen/new" for 127.0.0.1 at 2017-06-23 10:32:46 +0530
Processing by PenController#new as HTML
Completed 406 Not Acceptable in 29ms (ActiveRecord: 1.2ms)


  
ActionController::UnknownFormat (PenController#new is missing a template for this request format and variant.

request.formats: ["text/html"]
request.variant: []

NOTE! For XHR/Ajax or API requests, this action would normally respond with 204 No Content: an empty white screen. Since you're loading it in a web browser, we assume that you expected to actually render a template, not nothing, so we're showing an error to be extra-clear. If you expect 204 No Content, carry on. That's what you'll get from an XHR or API request. Give it a shot.):
  
actionpack (5.1.1) lib/action_controller/metal/implicit_render.rb:53:in `default_render'
actionpack (5.1.1) lib/action_controller/metal/basic_implicit_render.rb:4:in `block in send_action'
actionpack (5.1.1) lib/action_controller/metal/basic_implicit_render.rb:4:in `tap'
actionpack (5.1.1) lib/action_controller/metal/basic_implicit_render.rb:4:in `send_action'
actionpack (5.1.1) lib/abstract_controller/base.rb:186:in `process_action'
actionpack (5.1.1) lib/action_controller/metal/rendering.rb:30:in `process_action'
actionpack (5.1.1) lib/abstract_controller/callbacks.rb:20:in `block in process_action'
activesupport (5.1.1) lib/active_support/callbacks.rb:131:in `run_callbacks'
actionpack (5.1.1) lib/abstract_controller/callbacks.rb:19:in `process_action'
actionpack (5.1.1) lib/action_controller/metal/rescue.rb:20:in `process_action'
actionpack (5.1.1) lib/action_controller/metal/instrumentation.rb:32:in `block in process_action'
activesupport (5.1.1) lib/active_support/notifications.rb:166:in `block in instrument'
activesupport (5.1.1) lib/active_support/notifications/instrumenter.rb:21:in `instrument'
activesupport (5.1.1) lib/active_support/notifications.rb:166:in `instrument'
actionpack (5.1.1) lib/action_controller/metal/instrumentation.rb:30:in `process_action'
actionpack (5.1.1) lib/action_controller/metal/params_wrapper.rb:252:in `process_action'
activerecord (5.1.1) lib/active_record/railties/controller_runtime.rb:22:in `process_action'
actionpack (5.1.1) lib/abstract_controller/base.rb:124:in `process'
actionview (5.1.1) lib/action_view/rendering.rb:30:in `process'
actionpack (5.1.1) lib/action_controller/metal.rb:189:in `dispatch'
actionpack (5.1.1) lib/action_controller/metal.rb:253:in `dispatch'
actionpack (5.1.1) lib/action_dispatch/routing/route_set.rb:49:in `dispatch'
actionpack (5.1.1) lib/action_dispatch/routing/route_set.rb:31:in `serve'
actionpack (5.1.1) lib/action_dispatch/journey/router.rb:46:in `block in serve'
actionpack (5.1.1) lib/action_dispatch/journey/router.rb:33:in `each'
actionpack (5.1.1) lib/action_dispatch/journey/router.rb:33:in `serve'
actionpack (5.1.1) lib/action_dispatch/routing/route_set.rb:832:in `call'
rack (2.0.3) lib/rack/etag.rb:25:in `call'
rack (2.0.3) lib/rack/conditional_get.rb:25:in `call'
rack (2.0.3) lib/rack/head.rb:12:in `call'
rack (2.0.3) lib/rack/session/abstract/id.rb:232:in `context'
rack (2.0.3) lib/rack/session/abstract/id.rb:226:in `call'
actionpack (5.1.1) lib/action_dispatch/middleware/cookies.rb:613:in `call'
activerecord (5.1.1) lib/active_record/migration.rb:556:in `call'
actionpack (5.1.1) lib/action_dispatch/middleware/callbacks.rb:26:in `block in call'
activesupport (5.1.1) lib/active_support/callbacks.rb:97:in `run_callbacks'
actionpack (5.1.1) lib/action_dispatch/middleware/callbacks.rb:24:in `call'
actionpack (5.1.1) lib/action_dispatch/middleware/executor.rb:12:in `call'
actionpack (5.1.1) lib/action_dispatch/middleware/debug_exceptions.rb:59:in `call'
web-console (3.5.1) lib/web_console/middleware.rb:135:in `call_app'
web-console (3.5.1) lib/web_console/middleware.rb:28:in `block in call'
web-console (3.5.1) lib/web_console/middleware.rb:18:in `catch'
web-console (3.5.1) lib/web_console/middleware.rb:18:in `call'
actionpack (5.1.1) lib/action_dispatch/middleware/show_exceptions.rb:31:in `call'
railties (5.1.1) lib/rails/rack/logger.rb:36:in `call_app'
railties (5.1.1) lib/rails/rack/logger.rb:24:in `block in call'
activesupport (5.1.1) lib/active_support/tagged_logging.rb:69:in `block in tagged'
activesupport (5.1.1) lib/active_support/tagged_logging.rb:26:in `tagged'
activesupport (5.1.1) lib/active_support/tagged_logging.rb:69:in `tagged'
railties (5.1.1) lib/rails/rack/logger.rb:24:in `call'
sprockets-rails (3.2.0) lib/sprockets/rails/quiet_assets.rb:13:in `call'
actionpack (5.1.1) lib/action_dispatch/middleware/remote_ip.rb:79:in `call'
actionpack (5.1.1) lib/action_dispatch/middleware/request_id.rb:25:in `call'
rack (2.0.3) lib/rack/method_override.rb:22:in `call'
rack (2.0.3) lib/rack/runtime.rb:22:in `call'
activesupport (5.1.1) lib/active_support/cache/strategy/local_cache_middleware.rb:27:in `call'
actionpack (5.1.1) lib/action_dispatch/middleware/executor.rb:12:in `call'
actionpack (5.1.1) lib/action_dispatch/middleware/static.rb:125:in `call'
rack (2.0.3) lib/rack/sendfile.rb:111:in `call'
railties (5.1.1) lib/rails/engine.rb:522:in `call'
puma (3.9.1) lib/puma/configuration.rb:224:in `call'
puma (3.9.1) lib/puma/server.rb:602:in `handle_request'
puma (3.9.1) lib/puma/server.rb:435:in `process_client'
puma (3.9.1) lib/puma/server.rb:299:in `block in run'
puma (3.9.1) lib/puma/thread_pool.rb:120:in `call'
puma (3.9.1) lib/puma/thread_pool.rb:120:in `block in spawn_thread'
Started GET "/pen/new" for 127.0.0.1 at 2017-06-23 10:33:12 +0530
Processing by PenController#new as HTML
  Rendering pen/new.html.erb within layouts/application
  Rendered pen/_form.html.erb (106.1ms)
  Rendered pen/new.html.erb within layouts/application (108.3ms)
Completed 500 Internal Server Error in 115ms (ActiveRecord: 0.0ms)


  
ActionView::Template::Error (undefined method `pens_path' for #<#<Class:0x007f6ea25b2dc8>:0x007f6ea25b1450>):
    1: <%= form_for(@object) do |f| %>
    2:   <% if @object.errors.any? %>
    3:     <div id="error_explanation">
    4:       <h2><%= pluralize(@object.errors.count, "error") %> prohibited this product from being saved:</h2>
  
app/views/pen/_form.html.erb:1:in `_app_views_pen__form_html_erb__2220265720025745233_70056573563160'
app/views/pen/new.html.erb:6:in `_app_views_pen_new_html_erb___1360145443353506641_70056573508420'
Started GET "/pen/new" for 127.0.0.1 at 2017-06-23 10:34:15 +0530
Processing by PenController#new as HTML
  Rendering pen/new.html.erb within layouts/application
  Rendered pen/_form.html.erb (5.5ms)
  Rendered pen/new.html.erb within layouts/application (7.3ms)
Completed 500 Internal Server Error in 13ms (ActiveRecord: 0.0ms)


  
ActionView::Template::Error (First argument in form cannot contain nil or be empty):
    1: <%= form_for(@pen) do |f| %>
    2:   <% if @pen.errors.any? %>
    3:     <div id="error_explanation">
    4:       <h2><%= pluralize(@pen.errors.count, "error") %> prohibited this pen from being saved:</h2>
  
app/views/pen/_form.html.erb:1:in `_app_views_pen__form_html_erb__2220265720025745233_70056531604780'
app/views/pen/new.html.erb:6:in `_app_views_pen_new_html_erb___1360145443353506641_70056531931400'
  [1m[35m (31.5ms)[0m  [1m[35mSET NAMES utf8,  @@SESSION.sql_mode = CONCAT(CONCAT(@@sql_mode, ',STRICT_ALL_TABLES'), ',NO_AUTO_VALUE_ON_ZERO'),  @@SESSION.sql_auto_is_null = 0, @@SESSION.wait_timeout = 2147483[0m
Started GET "/pen/new" for 127.0.0.1 at 2017-06-23 10:35:08 +0530
Processing by PenController#new as HTML
  Rendering pen/new.html.erb within layouts/application
  Rendered pen/_form.html.erb (156.2ms)
  Rendered pen/new.html.erb within layouts/application (157.0ms)
Completed 500 Internal Server Error in 195ms (ActiveRecord: 1.7ms)


  
ActionView::Template::Error (undefined method `pens_path' for #<#<Class:0x007f6e88e9b918>:0x007f6e88e99d98>):
    1: <%= form_for(@pen) do |f| %>
    2:   <% if @pen.errors.any? %>
    3:     <div id="error_explanation">
    4:       <h2><%= pluralize(@pen.errors.count, "error") %> prohibited this pen from being saved:</h2>
  
app/views/pen/_form.html.erb:1:in `_app_views_pen__form_html_erb__2220265720025745233_70056353755060'
app/views/pen/new.html.erb:6:in `_app_views_pen_new_html_erb___1360145443353506641_70056360121340'
Started GET "/home" for 127.0.0.1 at 2017-06-23 10:37:04 +0530
Processing by HomeController#index as HTML
  Rendering home/index.html.erb within layouts/application
  [1m[36mProduct Load (0.3ms)[0m  [1m[34mSELECT `products`.* FROM `products`[0m
  Rendered home/index.html.erb within layouts/application (12.0ms)
Completed 200 OK in 32ms (Views: 25.9ms | ActiveRecord: 1.3ms)


Started GET "/pens/new" for 127.0.0.1 at 2017-06-23 10:37:06 +0530
Processing by PensController#new as HTML
  Rendering pens/new.html.erb within layouts/application
  Rendered pens/_form.html.erb (4.7ms) [cache miss]
  Rendered pens/new.html.erb within layouts/application (94.0ms)
Completed 500 Internal Server Error in 108ms (ActiveRecord: 0.0ms)


  
ActionView::Template::Error (undefined local variable or method `products_path' for #<#<Class:0x007f6e9e0ae1a0>:0x007f6e9e0ac828>):
    5: 
    6: <%= render 'form' %>
    7: 
    8: <%= link_to 'Back', products_path %>
  
app/views/pens/new.html.erb:8:in `_app_views_pens_new_html_erb___2640589775323322175_70056537322800'
Started GET "/pens/new" for 127.0.0.1 at 2017-06-23 10:37:32 +0530
Processing by PensController#new as HTML
  Rendering pens/new.html.erb within layouts/application
  Rendered pens/_form.html.erb (5.9ms) [cache miss]
  Rendered pens/new.html.erb within layouts/application (110.7ms)
Completed 500 Internal Server Error in 115ms (ActiveRecord: 0.0ms)


  
ActionView::Template::Error (undefined local variable or method `products_path' for #<#<Class:0x007f6e9e0ae1a0>:0x007f6e91aa27b8>):
    5: 
    6: <%= render 'form' %>
    7: 
    8: <%= link_to 'Back', products_path %>
  
app/views/pens/new.html.erb:8:in `_app_views_pens_new_html_erb___2640589775323322175_70056433490140'
Started GET "/pens/new" for 127.0.0.1 at 2017-06-23 10:37:52 +0530
Processing by PensController#new as HTML
  Rendering pens/new.html.erb within layouts/application
  Rendered pens/_form.html.erb (6.6ms) [cache miss]
  Rendered pens/new.html.erb within layouts/application (10.0ms)
Completed 500 Internal Server Error in 16ms (ActiveRecord: 0.0ms)


  
ActionView::Template::Error (No route matches {:action=>"show", :controller=>"home"}, missing required keys: [:id]):
    5: 
    6: <%= render 'form' %>
    7: 
    8: <%= link_to 'Back', home_path %>
  
app/views/pens/new.html.erb:8:in `_app_views_pens_new_html_erb___2640589775323322175_70056368216080'
Started GET "/pens/new" for 127.0.0.1 at 2017-06-23 10:37:58 +0530
Processing by PensController#new as HTML
  Rendering pens/new.html.erb within layouts/application
  Rendered pens/_form.html.erb (2.9ms) [cache miss]
  Rendered pens/new.html.erb within layouts/application (4.5ms)
Completed 200 OK in 20ms (Views: 18.9ms | ActiveRecord: 0.0ms)


Started POST "/pens" for 127.0.0.1 at 2017-06-23 10:38:22 +0530
Processing by PensController#create as HTML
  Parameters: {"utf8"=>"✓", "authenticity_token"=>"O1JPNzw/L4LtxQLGfJ/5d36R7hxBqjKpo/BkqzFALH/stPILOJNR+LP+a746CnSndzy8juBAapT3VOAnEHDvgg==", "pen"=>{"name"=>"Cell Ball point", "price"=>"44", "color"=>"Red", "status"=>"1", "inward_date"=>"", "description"=>"Test"}, "commit"=>"Create Pen"}
Completed 400 Bad Request in 1ms (ActiveRecord: 0.0ms)


  
ActionController::ParameterMissing (param is missing or the value is empty: product):
  
app/controllers/pens_controller.rb:27:in `product_params'
app/controllers/pens_controller.rb:11:in `create'
Started POST "/pens" for 127.0.0.1 at 2017-06-23 10:38:34 +0530
Processing by PensController#create as HTML
  Parameters: {"utf8"=>"✓", "authenticity_token"=>"O1JPNzw/L4LtxQLGfJ/5d36R7hxBqjKpo/BkqzFALH/stPILOJNR+LP+a746CnSndzy8juBAapT3VOAnEHDvgg==", "pen"=>{"name"=>"Cell Ball point", "price"=>"44", "color"=>"Red", "status"=>"1", "inward_date"=>"14", "description"=>"Test"}, "commit"=>"Create Pen"}
Completed 400 Bad Request in 1ms (ActiveRecord: 0.0ms)


  
ActionController::ParameterMissing (param is missing or the value is empty: product):
  
app/controllers/pens_controller.rb:27:in `product_params'
app/controllers/pens_controller.rb:11:in `create'
Started POST "/pens" for 127.0.0.1 at 2017-06-23 10:39:22 +0530
Processing by PensController#create as HTML
  Parameters: {"utf8"=>"✓", "authenticity_token"=>"O1JPNzw/L4LtxQLGfJ/5d36R7hxBqjKpo/BkqzFALH/stPILOJNR+LP+a746CnSndzy8juBAapT3VOAnEHDvgg==", "pen"=>{"name"=>"Cell Ball point", "price"=>"44", "color"=>"Red", "status"=>"1", "inward_date"=>"14", "description"=>"Test"}, "commit"=>"Create Pen"}
  [1m[35m (0.2ms)[0m  [1m[35mBEGIN[0m
  [1m[35m (0.2ms)[0m  [1m[31mROLLBACK[0m
Completed 500 Internal Server Error in 46ms (ActiveRecord: 2.2ms)


  
NoMethodError (undefined method `inward_dated' for #<Pen:0x007f6e88a95b70>):
  
app/controllers/pens_controller.rb:14:in `block in create'
app/controllers/pens_controller.rb:13:in `create'
Started POST "/pens" for 127.0.0.1 at 2017-06-23 10:40:23 +0530
Processing by PensController#create as HTML
  Parameters: {"utf8"=>"✓", "authenticity_token"=>"O1JPNzw/L4LtxQLGfJ/5d36R7hxBqjKpo/BkqzFALH/stPILOJNR+LP+a746CnSndzy8juBAapT3VOAnEHDvgg==", "pen"=>{"name"=>"Cell Ball point", "price"=>"44", "color"=>"Red", "status"=>"1", "inward_date"=>"14", "description"=>"Test"}, "commit"=>"Create Pen"}
  [1m[35m (0.2ms)[0m  [1m[35mBEGIN[0m
  [1m[35mSQL (48.5ms)[0m  [1m[32mINSERT INTO `products` (`name`, `type`, `price`, `color`, `status`, `description`, `created_at`, `updated_at`) VALUES ('Cell Ball point', 'Pen', 44.0, 'Red', 1, 'Test', '2017-06-23 05:10:23', '2017-06-23 05:10:23')[0m
  [1m[35m (213.9ms)[0m  [1m[35mCOMMIT[0m
Completed 500 Internal Server Error in 296ms (ActiveRecord: 263.8ms)


  
ActionController::UrlGenerationError (No route matches {:action=>"show", :controller=>"home"}, missing required keys: [:id]):
  
app/controllers/pens_controller.rb:15:in `block (2 levels) in create'
app/controllers/pens_controller.rb:13:in `create'
Started POST "/pens" for 127.0.0.1 at 2017-06-23 10:41:10 +0530
Processing by PensController#create as HTML
  Parameters: {"utf8"=>"✓", "authenticity_token"=>"O1JPNzw/L4LtxQLGfJ/5d36R7hxBqjKpo/BkqzFALH/stPILOJNR+LP+a746CnSndzy8juBAapT3VOAnEHDvgg==", "pen"=>{"name"=>"Cell Ball point", "price"=>"44", "color"=>"Red", "status"=>"1", "inward_date"=>"14", "description"=>"Test"}, "commit"=>"Create Pen"}
  [1m[35m (0.2ms)[0m  [1m[35mBEGIN[0m
  [1m[35mSQL (0.9ms)[0m  [1m[32mINSERT INTO `products` (`name`, `type`, `price`, `color`, `status`, `description`, `created_at`, `updated_at`) VALUES ('Cell Ball point', 'Pen', 44.0, 'Red', 1, 'Test', '2017-06-23 05:11:10', '2017-06-23 05:11:10')[0m
  [1m[35m (67.3ms)[0m  [1m[35mCOMMIT[0m
Redirected to http://localhost:3000/home
Completed 302 Found in 108ms (ActiveRecord: 70.2ms)


Started GET "/home" for 127.0.0.1 at 2017-06-23 10:41:10 +0530
Processing by HomeController#index as HTML
  Rendering home/index.html.erb within layouts/application
  [1m[36mProduct Load (0.4ms)[0m  [1m[34mSELECT `products`.* FROM `products`[0m
  Rendered home/index.html.erb within layouts/application (3.5ms)
Completed 200 OK in 22ms (Views: 20.2ms | ActiveRecord: 0.4ms)


  [1m[35m (31.7ms)[0m  [1m[35mSET NAMES utf8,  @@SESSION.sql_mode = CONCAT(CONCAT(@@sql_mode, ',STRICT_ALL_TABLES'), ',NO_AUTO_VALUE_ON_ZERO'),  @@SESSION.sql_auto_is_null = 0, @@SESSION.wait_timeout = 2147483[0m
  [1m[35mSQL (101.9ms)[0m  [1m[31mDELETE FROM `products`[0m
Started GET "/home" for 127.0.0.1 at 2017-06-23 10:41:31 +0530
Processing by HomeController#index as HTML
  Rendering home/index.html.erb within layouts/application
  [1m[36mProduct Load (0.3ms)[0m  [1m[34mSELECT `products`.* FROM `products`[0m
  Rendered home/index.html.erb within layouts/application (2.4ms)
Completed 200 OK in 29ms (Views: 26.6ms | ActiveRecord: 0.3ms)


Started GET "/pens/new" for 127.0.0.1 at 2017-06-23 10:41:34 +0530
Processing by PensController#new as HTML
  Rendering pens/new.html.erb within layouts/application
  Rendered pens/_form.html.erb (6.0ms) [cache miss]
  Rendered pens/new.html.erb within layouts/application (7.1ms)
Completed 200 OK in 24ms (Views: 23.3ms | ActiveRecord: 0.0ms)


Started POST "/pens" for 127.0.0.1 at 2017-06-23 10:41:55 +0530
Processing by PensController#create as HTML
  Parameters: {"utf8"=>"✓", "authenticity_token"=>"QafdqFiOMoFx9ETNwcHSXK+wp/6OE9DojRd78Yi7/UtAnut5k4hHXRkGAylIgytFn3AF0dnbWM+OXGytXMy4oQ==", "pen"=>{"name"=>"Cell Ball point5", "price"=>"5", "color"=>"Red", "status"=>"1", "inward_date"=>"4", "description"=>"test"}, "commit"=>"Create Pen"}
  [1m[35m (0.1ms)[0m  [1m[35mBEGIN[0m
  [1m[35mSQL (32.1ms)[0m  [1m[32mINSERT INTO `products` (`name`, `type`, `price`, `color`, `status`, `description`, `created_at`, `updated_at`) VALUES ('Cell Ball point5', 'Pen', 5.0, 'Red', 1, 'test', '2017-06-23 05:11:55', '2017-06-23 05:11:55')[0m
  [1m[35m (77.2ms)[0m  [1m[35mCOMMIT[0m
Redirected to http://localhost:3000/home
Completed 302 Found in 115ms (ActiveRecord: 109.5ms)


Started GET "/home" for 127.0.0.1 at 2017-06-23 10:41:55 +0530
Processing by HomeController#index as HTML
  Rendering home/index.html.erb within layouts/application
  [1m[36mProduct Load (0.3ms)[0m  [1m[34mSELECT `products`.* FROM `products`[0m
  Rendered home/index.html.erb within layouts/application (2.1ms)
Completed 200 OK in 22ms (Views: 20.8ms | ActiveRecord: 0.3ms)


Started GET "/pens/new" for 127.0.0.1 at 2017-06-23 10:43:42 +0530
Processing by PensController#new as HTML
  Rendering pens/new.html.erb within layouts/application
  Rendered pens/_form.html.erb (4.6ms) [cache miss]
  Rendered pens/new.html.erb within layouts/application (5.7ms)
Completed 200 OK in 49ms (Views: 22.5ms | ActiveRecord: 1.3ms)


Started POST "/pens" for 127.0.0.1 at 2017-06-23 10:43:43 +0530
Processing by PensController#create as HTML
  Parameters: {"utf8"=>"✓", "authenticity_token"=>"g4sOjnJ1FY7IiGPizCmD7RFGGT+FXmJUHUhvM7faN7uCsjhfuXNgUqB6JAZFa3r0IYa7ENKW6nMeA3hvY61yUQ==", "pen"=>{"name"=>"", "price"=>"", "color"=>"", "status"=>"0", "inward_date"=>"", "description"=>""}, "commit"=>"Create Pen"}
  [1m[35m (0.2ms)[0m  [1m[35mBEGIN[0m
  [1m[35m (0.2ms)[0m  [1m[31mROLLBACK[0m
  Rendering pens/new.html.erb within layouts/application
  Rendered pens/_form.html.erb (6.4ms) [cache miss]
  Rendered pens/new.html.erb within layouts/application (7.6ms)
Completed 200 OK in 37ms (Views: 28.9ms | ActiveRecord: 0.3ms)


Started GET "/pens" for 127.0.0.1 at 2017-06-23 10:44:09 +0530
Processing by PensController#index as HTML
  Rendering pens/index.html.erb within layouts/application
  Rendered pens/index.html.erb within layouts/application (2.7ms)
Completed 500 Internal Server Error in 8ms (ActiveRecord: 0.0ms)


  
ActionView::Template::Error (undefined method `each' for nil:NilClass):
    19:   </thead>
    20: 
    21:   <tbody>
    22:      <% @products.each do |product| %>
    23:       <tr>
    24:         <td><%= product.name %></td>
    25:         <td><%= product.price %></td>
  
app/views/pens/index.html.erb:22:in `_app_views_pens_index_html_erb__4603383368286397892_70056439917800'
Started GET "/home" for 127.0.0.1 at 2017-06-23 10:44:22 +0530
Processing by HomeController#index as HTML
  Rendering home/index.html.erb within layouts/application
  [1m[36mProduct Load (0.4ms)[0m  [1m[34mSELECT `products`.* FROM `products`[0m
  Rendered home/index.html.erb within layouts/application (2.9ms)
Completed 200 OK in 28ms (Views: 24.4ms | ActiveRecord: 0.4ms)


Started GET "/pens/new" for 127.0.0.1 at 2017-06-23 10:44:24 +0530
Processing by PensController#new as HTML
  Rendering pens/new.html.erb within layouts/application
  Rendered pens/_form.html.erb (5.4ms) [cache miss]
  Rendered pens/new.html.erb within layouts/application (6.9ms)
Completed 200 OK in 30ms (Views: 28.1ms | ActiveRecord: 0.0ms)


Started GET "/home" for 127.0.0.1 at 2017-06-23 10:44:26 +0530
Processing by HomeController#index as HTML
  Rendering home/index.html.erb within layouts/application
  [1m[36mProduct Load (0.3ms)[0m  [1m[34mSELECT `products`.* FROM `products`[0m
  Rendered home/index.html.erb within layouts/application (2.4ms)
Completed 200 OK in 20ms (Views: 18.2ms | ActiveRecord: 0.3ms)


Started GET "/pens/new" for 127.0.0.1 at 2017-06-23 10:44:28 +0530
Processing by PensController#new as HTML
  Rendering pens/new.html.erb within layouts/application
  Rendered pens/_form.html.erb (5.2ms) [cache miss]
  Rendered pens/new.html.erb within layouts/application (6.7ms)
Completed 200 OK in 27ms (Views: 25.9ms | ActiveRecord: 0.0ms)


